cl : командная строка  warning D9002: пропуск неизвестного параметра "-Xclang"
cl : командная строка  warning D9002: пропуск неизвестного параметра "-flegacy-pass-manager"
cl : командная строка  warning D9002: пропуск неизвестного параметра "-mllvm"
cl : командная строка  warning D9002: пропуск неизвестного параметра "-sub"
cl : командная строка  warning D9002: пропуск неизвестного параметра "-mllvm"
cl : командная строка  warning D9002: пропуск неизвестного параметра "-split"
cl : командная строка  warning D9002: пропуск неизвестного параметра "-mllvm"
cl : командная строка  warning D9002: пропуск неизвестного параметра "-fla"
cl : командная строка  warning D9002: пропуск неизвестного параметра "-mllvm"
cl : командная строка  warning D9002: пропуск неизвестного параметра "-bcf"
  imgui.cpp
  imgui_demo.cpp
  imgui_draw.cpp
  imgui_impl_dx9.cpp
  imgui_impl_win32.cpp
  imgui_tables.cpp
  imgui_widgets.cpp
  Main.cpp
C:\Users\swisre\Desktop\RustNewRecoil\Main.cpp(235,25): warning C4267: return: преобразование из "size_t" в "int"; возможна потеря данных
C:\Users\swisre\Desktop\RustNewRecoil\Main.cpp(237,25): warning C4267: return: преобразование из "size_t" в "int"; возможна потеря данных
C:\Users\swisre\Desktop\RustNewRecoil\Main.cpp(239,26): warning C4267: return: преобразование из "size_t" в "int"; возможна потеря данных
C:\Users\swisre\Desktop\RustNewRecoil\Main.cpp(241,28): warning C4267: return: преобразование из "size_t" в "int"; возможна потеря данных
C:\Users\swisre\Desktop\RustNewRecoil\Main.cpp(243,26): warning C4267: return: преобразование из "size_t" в "int"; возможна потеря данных
C:\Users\swisre\Desktop\RustNewRecoil\Main.cpp(260,92): warning C4244: аргумент: преобразование "double" в "float", возможна потеря данных
C:\Users\swisre\Desktop\RustNewRecoil\Main.cpp(322,57): warning C4305: аргумент: усечение из "double" в "float"
  Создание кода
  Previous IPDB not found, fall back to full compilation.
  All 1883 functions were compiled because no usable IPDB/IOBJ from previous compilation was found.
  Создание кода завершено
  RustNewRecoil.vcxproj -> C:\Users\swisre\Desktop\RustNewRecoil\x64\Release\RustNewRecoil.exe
